<?xml version="1.0" encoding="UTF-8"?>
<testsuite xmlns:xsi="http://www.w3.org/2001/XMLSchema-instance" xsi:noNamespaceSchemaLocation="https://maven.apache.org/surefire/maven-surefire-plugin/xsd/surefire-test-report.xsd" version="3.0.2" name="com.example.autenticacion.AutenticacionApplicationTests" time="10.433" tests="1" errors="0" skipped="0" failures="0">
  <properties>
[...]
</properties>
  <testcase name="contextLoads" classname="com.example.autenticacion.AutenticacionApplicationTests" time="0.52">
    <system-out><![CDATA[11:34:09.957 [main] INFO org.springframework.test.context.support.AnnotationConfigContextLoaderUtils -- Could not detect default configuration classes for test class [com.example.autenticacion.AutenticacionApplicationTests]: AutenticacionApplicationTests does not declare any static, non-private, non-final, nested classes annotated with @Configuration.
11:34:10.102 [main] INFO org.springframework.boot.test.context.SpringBootTestContextBootstrapper -- Found @SpringBootConfiguration com.example.autenticacion.AutenticacionApplication for test class com.example.autenticacion.AutenticacionApplicationTests

  .   ____          _            __ _ _
 /\\ / ___'_ __ _ _(_)_ __  __ _ \ \ \ \
( ( )\___ | '_ | '_| | '_ \/ _` | \ \ \ \
 \\/  ___)| |_)| | | | | || (_| |  ) ) ) )
  '  |____| .__|_| |_|_| |_\__, | / / / /
 =========|_|==============|___/=/_/_/_/

 :: Spring Boot ::                (v3.4.1)

2025-11-26T11:34:11.031-03:00  INFO 36876 --- [autenticacion] [           main] c.e.a.AutenticacionApplicationTests      : Starting AutenticacionApplicationTests using Java 17.0.12 with PID 36876 (started by isaac in C:\Users\isaac\OneDrive\Documentos\Backend\autenticacion\autenticacion)
2025-11-26T11:34:11.033-03:00  INFO 36876 --- [autenticacion] [           main] c.e.a.AutenticacionApplicationTests      : No active profile set, falling back to 1 default profile: "default"
2025-11-26T11:34:12.124-03:00  INFO 36876 --- [autenticacion] [           main] .s.d.r.c.RepositoryConfigurationDelegate : Bootstrapping Spring Data JPA repositories in DEFAULT mode.
2025-11-26T11:34:12.228-03:00  INFO 36876 --- [autenticacion] [           main] .s.d.r.c.RepositoryConfigurationDelegate : Finished Spring Data repository scanning in 90 ms. Found 3 JPA repository interfaces.
2025-11-26T11:34:12.542-03:00  INFO 36876 --- [autenticacion] [           main] o.s.cloud.context.scope.GenericScope     : BeanFactory id=6df7c59c-aec2-3fd7-a3e9-892dfcd4f7ae
2025-11-26T11:34:12.971-03:00  INFO 36876 --- [autenticacion] [           main] o.hibernate.jpa.internal.util.LogHelper  : HHH000204: Processing PersistenceUnitInfo [name: default]
2025-11-26T11:34:13.077-03:00  INFO 36876 --- [autenticacion] [           main] org.hibernate.Version                    : HHH000412: Hibernate ORM core version 6.6.4.Final
2025-11-26T11:34:13.137-03:00  INFO 36876 --- [autenticacion] [           main] o.h.c.internal.RegionFactoryInitiator    : HHH000026: Second-level cache disabled
2025-11-26T11:34:13.588-03:00  INFO 36876 --- [autenticacion] [           main] o.s.o.j.p.SpringPersistenceUnitInfo      : No LoadTimeWeaver setup: ignoring JPA class transformer
2025-11-26T11:34:13.633-03:00  INFO 36876 --- [autenticacion] [           main] com.zaxxer.hikari.HikariDataSource       : HikariPool-1 - Starting...
2025-11-26T11:34:14.827-03:00  INFO 36876 --- [autenticacion] [           main] com.zaxxer.hikari.pool.HikariPool        : HikariPool-1 - Added connection com.mysql.cj.jdbc.ConnectionImpl@d13379e
2025-11-26T11:34:14.832-03:00  INFO 36876 --- [autenticacion] [           main] com.zaxxer.hikari.HikariDataSource       : HikariPool-1 - Start completed.
2025-11-26T11:34:14.931-03:00  WARN 36876 --- [autenticacion] [           main] org.hibernate.orm.deprecation            : HHH90000025: MySQL8Dialect does not need to be specified explicitly using 'hibernate.dialect' (remove the property setting and it will be selected by default)
2025-11-26T11:34:14.931-03:00  WARN 36876 --- [autenticacion] [           main] org.hibernate.orm.deprecation            : HHH90000026: MySQL8Dialect has been deprecated; use org.hibernate.dialect.MySQLDialect instead
2025-11-26T11:34:14.964-03:00  INFO 36876 --- [autenticacion] [           main] org.hibernate.orm.connections.pooling    : HHH10001005: Database info:
	Database JDBC URL [Connecting through datasource 'HikariDataSource (HikariPool-1)']
	Database driver: undefined/unknown
	Database version: 8.0
	Autocommit mode: undefined/unknown
	Isolation level: undefined/unknown
	Minimum pool size: undefined/unknown
	Maximum pool size: undefined/unknown
2025-11-26T11:34:16.055-03:00  INFO 36876 --- [autenticacion] [           main] o.h.e.t.j.p.i.JtaPlatformInitiator       : HHH000489: No JTA platform available (set 'hibernate.transaction.jta.platform' to enable JTA platform integration)
Hibernate: alter table password_reset_tokens drop foreign key FKk3ndxg5xp6v7wd4gjyusp15gq
Hibernate: alter table refresh_tokens drop foreign key FK1lih5y2npsf8u5o3vhdb9y0os
Hibernate: drop table if exists password_reset_tokens
Hibernate: drop table if exists refresh_tokens
Hibernate: drop table if exists users
Hibernate: drop table if exists users_seq
Hibernate: create table password_reset_tokens (used bit, user_id integer not null, created_at datetime(6) not null, expires_at datetime(6) not null, id bigint not null auto_increment, token varchar(255) not null, primary key (id)) engine=InnoDB
Hibernate: create table refresh_tokens (revoked bit, user_id integer not null, created_at datetime(6) not null, expires_at datetime(6) not null, id bigint not null auto_increment, token varchar(500) not null, primary key (id)) engine=InnoDB
Hibernate: create table users (email_verified bit, id integer not null, created_at datetime(6), updated_at datetime(6), email varchar(255), name varchar(255), password varchar(255), username varchar(255) not null, role enum ('ADMIN','USER'), primary key (id)) engine=InnoDB
Hibernate: create table users_seq (next_val bigint) engine=InnoDB
Hibernate: insert into users_seq values ( 1 )
Hibernate: alter table password_reset_tokens add constraint UK71lqwbwtklmljk3qlsugr1mig unique (token)
Hibernate: alter table refresh_tokens add constraint UKghpmfn23vmxfu3spu3lfg4r2d unique (token)
Hibernate: alter table users add constraint UKfnranlqhubvw04boopn028e6 unique (username, email)
Hibernate: alter table password_reset_tokens add constraint FKk3ndxg5xp6v7wd4gjyusp15gq foreign key (user_id) references users (id)
Hibernate: alter table refresh_tokens add constraint FK1lih5y2npsf8u5o3vhdb9y0os foreign key (user_id) references users (id)
2025-11-26T11:34:16.531-03:00  INFO 36876 --- [autenticacion] [           main] j.LocalContainerEntityManagerFactoryBean : Initialized JPA EntityManagerFactory for persistence unit 'default'
2025-11-26T11:34:17.036-03:00  INFO 36876 --- [autenticacion] [           main] eAuthenticationProviderManagerConfigurer : Global AuthenticationManager configured with AuthenticationProvider bean with name authenticationProvider
2025-11-26T11:34:17.037-03:00  WARN 36876 --- [autenticacion] [           main] r$InitializeUserDetailsManagerConfigurer : Global AuthenticationManager configured with an AuthenticationProvider bean. UserDetailsService beans will not be used by Spring Security for automatically configuring username/password login. Consider removing the AuthenticationProvider bean. Alternatively, consider using the UserDetailsService in a manually instantiated DaoAuthenticationProvider. If the current configuration is intentional, to turn off this warning, increase the logging level of 'org.springframework.security.config.annotation.authentication.configuration.InitializeUserDetailsBeanManagerConfigurer' to ERROR
2025-11-26T11:34:17.203-03:00  WARN 36876 --- [autenticacion] [           main] JpaBaseConfiguration$JpaWebConfiguration : spring.jpa.open-in-view is enabled by default. Therefore, database queries may be performed during view rendering. Explicitly configure spring.jpa.open-in-view to disable this warning
2025-11-26T11:34:18.326-03:00  INFO 36876 --- [autenticacion] [           main] c.e.a.AutenticacionApplicationTests      : Started AutenticacionApplicationTests in 7.859 seconds (process running for 9.347)
Hibernate: select count(*) from users u1_0
🔵 Iniciando carga de usuarios de prueba...
Hibernate: select next_val as id_val from users_seq for update
Hibernate: update users_seq set next_val= ? where next_val=?
Hibernate: insert into users (created_at,email,email_verified,name,password,role,updated_at,username,id) values (?,?,?,?,?,?,?,?,?)
✅ Usuario ADMIN creado: admin / admin123456
Hibernate: select next_val as id_val from users_seq for update
Hibernate: update users_seq set next_val= ? where next_val=?
Hibernate: insert into users (created_at,email,email_verified,name,password,role,updated_at,username,id) values (?,?,?,?,?,?,?,?,?)
Hibernate: insert into users (created_at,email,email_verified,name,password,role,updated_at,username,id) values (?,?,?,?,?,?,?,?,?)
Hibernate: insert into users (created_at,email,email_verified,name,password,role,updated_at,username,id) values (?,?,?,?,?,?,?,?,?)
Hibernate: insert into users (created_at,email,email_verified,name,password,role,updated_at,username,id) values (?,?,?,?,?,?,?,?,?)
Hibernate: insert into users (created_at,email,email_verified,name,password,role,updated_at,username,id) values (?,?,?,?,?,?,?,?,?)
Hibernate: select count(*) from users u1_0
Hibernate: select u1_0.id,u1_0.created_at,u1_0.email,u1_0.email_verified,u1_0.name,u1_0.password,u1_0.role,u1_0.updated_at,u1_0.username from users u1_0
===========================================
✅ Carga de datos completada
📊 Total de usuarios: 6
👑 Administradores: 1
👤 Usuarios regulares: 5
===========================================
🔑 Credenciales de prueba:
   Admin: admin / admin123456
   Users: john1 / password123
          mary2 / password123
          ... etc
===========================================
]]></system-out>
  </testcase>
</testsuite>